<?xml version="1.0" encoding="UTF-8"?><testsuite errors="1" failures="0" name="Formulario Popup Validation" skipped="0" tests="1" time="30.58" timestamp="2021-04-16T11:45:50.167535800-05:00[America/Bogota]"><testcase name="Diligenciamiento exitoso del formulario Popup validation,"><error message="The following error occurred: Expected condition failed: waiting for ColorlibLoginPage.lblHomePpal to be displayed (tried for 10 second(s) with 100 MILLISECONDS interval)&#10;Build info: version: '3.5.2', revision: '10229a9', time: '2017-08-21T17:29:55.15Z'&#10;System info: host: 'LAPTOP-B4PBVBTI', ip: '192.168.1.61', os.name: 'Windows 10', os.arch: 'amd64', os.version: '10.0', java.version: '10.0.1'&#10;Driver info: driver.version: unknown&#10;For documentation on this error, please visit: http://seleniumhq.org/exceptions/no_such_element.html&#10;Build info: version: '3.5.2', revision: '10229a9', time: '2017-08-21T17:29:55.15Z'&#10;System info: host: 'LAPTOP-B4PBVBTI', ip: '192.168.1.61', os.name: 'Windows 10', os.arch: 'amd64', os.version: '10.0', java.version: '10.0.1'&#10;Driver info: driver.version: unknown" type="org.openqa.selenium.NoSuchElementException">The following error occurred: Expected condition failed: waiting for ColorlibLoginPage.lblHomePpal to be displayed (tried for 10 second(s) with 100 MILLISECONDS interval)
Build info: version: '3.5.2', revision: '10229a9', time: '2017-08-21T17:29:55.15Z'
System info: host: 'LAPTOP-B4PBVBTI', ip: '192.168.1.61', os.name: 'Windows 10', os.arch: 'amd64', os.version: '10.0', java.version: '10.0.1'
Driver info: driver.version: unknown
For documentation on this error, please visit: http://seleniumhq.org/exceptions/no_such_element.html
Build info: version: '3.5.2', revision: '10229a9', time: '2017-08-21T17:29:55.15Z'
System info: host: 'LAPTOP-B4PBVBTI', ip: '192.168.1.61', os.name: 'Windows 10', os.arch: 'amd64', os.version: '10.0', java.version: '10.0.1'
Driver info: driver.version: unknown</error><system-err>The following error occurred: Expected condition failed: waiting for ColorlibLoginPage.lblHomePpal to be displayed (tried for 10 second(s) with 100 MILLISECONDS interval)
Build info: version: '3.5.2', revision: '10229a9', time: '2017-08-21T17:29:55.15Z'
System info: host: 'LAPTOP-B4PBVBTI', ip: '192.168.1.61', os.name: 'Windows 10', os.arch: 'amd64', os.version: '10.0', java.version: '10.0.1'
Driver info: driver.version: unknown
For documentation on this error, please visit: http://seleniumhq.org/exceptions/no_such_element.html
Build info: version: '3.5.2', revision: '10229a9', time: '2017-08-21T17:29:55.15Z'
System info: host: 'LAPTOP-B4PBVBTI', ip: '192.168.1.61', os.name: 'Windows 10', os.arch: 'amd64', os.version: '10.0', java.version: '10.0.1'
Driver info: driver.version: unknown&#13;
java.base/jdk.internal.reflect.NativeMethodAccessorImpl.invoke0(Native Method)&#13;
java.base/jdk.internal.reflect.NativeMethodAccessorImpl.invoke(Unknown Source)&#13;
java.base/jdk.internal.reflect.DelegatingMethodAccessorImpl.invoke(Unknown Source)&#13;
com.choucair.formacion.pageobjects.ColorlibLoginPage.VerificaValor(ColorlibLoginPage.java:45)&#13;
com.choucair.formacion.steps.PopupValidationStep.ingreso_a_la_opcion(PopupValidationStep.java:30)&#13;
com.choucair.formacion.definition.PopupValidationDefinition.ingreso_a_la_opcion(PopupValidationDefinition.java:23)&#13;
java.base/jdk.internal.reflect.NativeMethodAccessorImpl.invoke0(Native Method)&#13;
java.base/jdk.internal.reflect.NativeMethodAccessorImpl.invoke(Unknown Source)&#13;
java.base/jdk.internal.reflect.DelegatingMethodAccessorImpl.invoke(Unknown Source)&#13;
org.eclipse.jdt.internal.junit4.runner.JUnit4TestReference.run(JUnit4TestReference.java:89)&#13;
org.eclipse.jdt.internal.junit.runner.TestExecution.run(TestExecution.java:41)&#13;
org.eclipse.jdt.internal.junit.runner.RemoteTestRunner.runTests(RemoteTestRunner.java:541)&#13;
org.eclipse.jdt.internal.junit.runner.RemoteTestRunner.runTests(RemoteTestRunner.java:763)&#13;
org.eclipse.jdt.internal.junit.runner.RemoteTestRunner.run(RemoteTestRunner.java:463)&#13;
org.eclipse.jdt.internal.junit.runner.RemoteTestRunner.main(RemoteTestRunner.java:209)&#13;
</system-err></testcase></testsuite>